<?xml version="1.0" encoding="UTF-8"?>
<!-- Generated by org.testng.reporters.JUnitReportReporter -->
<testsuite hostname="CHDSEZ116915LT" failures="0" tests="2" name="com.qa.testcases.LoginTest" time="7.176" errors="0" timestamp="2021-12-09T14:05:04 IST" skipped="0">
  <testcase classname="com.qa.testcases.LoginTest" name="loginPageTitle" time="3.712"/>
  <system-out/>
  <testcase classname="com.qa.testcases.LoginTest" name="loginTest" time="3.464"/>
  <system-out/>
</testsuite> <!-- com.qa.testcases.LoginTest -->
