<?xml version="1.0" encoding="UTF-8"?>
<!-- Generated by org.testng.reporters.JUnitReportReporter -->
<testsuite hostname="CHDSEZ116915LT" failures="0" tests="6" name="SeleniumPractice.SeleniumPractice" time="15.957" errors="0" timestamp="2021-12-08T17:01:10 IST" skipped="0">
  <testcase classname="SeleniumPractice.SeleniumPractice" name="launch" time="13.340"/>
  <system-out/>
  <testcase classname="SeleniumPractice.SeleniumPractice" name="Login" time="0.349"/>
  <system-out/>
  <testcase classname="SeleniumPractice.SeleniumPractice" name="productDetails" time="2.095"/>
  <system-out/>
  <testcase classname="SeleniumPractice.SeleniumPractice" name="addToCart" time="0.068"/>
  <system-out/>
  <testcase classname="SeleniumPractice.SeleniumPractice" name="navigateToCart" time="0.052"/>
  <system-out/>
  <testcase classname="SeleniumPractice.SeleniumPractice" name="checkout" time="0.053"/>
  <system-out/>
</testsuite> <!-- SeleniumPractice.SeleniumPractice -->
